2024-09-22 12:35:55,835 DEBUG Using proactor: IocpProactor
2024-09-22 12:35:55,836 DEBUG Make request: "getMe" with data: "{}" and files "None"
2024-09-22 12:35:56,030 DEBUG Response for getMe: [200] "'{"ok":true,"result":{"id":5801105925,"is_bot":true,"first_name":"sdiad","username":"ajdiad_bot","can_join_groups":true,"can_read_all_group_messages":false,"supports_inline_queries":false,"can_connect_to_business":false,"has_main_web_app":false}}'"
2024-09-22 12:35:56,030 INFO Bot: sdiad [@ajdiad_bot]
2024-09-22 12:35:56,030 DEBUG Make request: "getWebhookInfo" with data: "{}" and files "None"
2024-09-22 12:35:56,091 DEBUG Response for getWebhookInfo: [200] "'{"ok":true,"result":{"url":"","has_custom_certificate":false,"pending_update_count":0}}'"
2024-09-22 12:35:56,091 DEBUG Make request: "deleteWebhook" with data: "{'drop_pending_updates': True}" and files "None"
2024-09-22 12:35:56,152 DEBUG Response for deleteWebhook: [200] "'{"ok":true,"result":true,"description":"Webhook is already deleted"}'"
2024-09-22 12:35:56,152 WARNING Updates were skipped successfully.
2024-09-22 12:35:56,152 INFO Start polling.
2024-09-22 12:35:56,152 DEBUG Make request: "getWebhookInfo" with data: "{}" and files "None"
2024-09-22 12:35:56,213 DEBUG Response for getWebhookInfo: [200] "'{"ok":true,"result":{"url":"","has_custom_certificate":false,"pending_update_count":0}}'"
2024-09-22 12:35:56,213 DEBUG Make request: "getUpdates" with data: "{'timeout': 20}" and files "None"
2024-09-22 12:35:58,161 DEBUG Response for getUpdates: [200] "'{"ok":true,"result":[{"update_id":873687588,\n"message":{"message_id":2710,"from":{"id":631694976,"is_bot":false,"first_name":"RyZeEe?","username":"s_ryzeee","language_code":"ru","is_premium":true},"chat":{"id":631694976,"first_name":"RyZeEe?","username":"s_ryzeee","type":"private"},"date":1726997758,"text":"/make_screen","entities":[{"offset":0,"length":12,"type":"bot_command"}]}}]}'"
2024-09-22 12:35:58,161 DEBUG Received 1 updates.
2024-09-22 12:35:58,162 DEBUG Make request: "sendMessage" with data: "{'chat_id': 631694976, 'text': 'Выберите биржу', 'reply_markup': '{"keyboard": [["BingX", "Binance"]], "resize_keyboard": true}'}" and files "None"
2024-09-22 12:35:58,243 DEBUG Response for sendMessage: [200] "'{"ok":true,"result":{"message_id":2711,"from":{"id":5801105925,"is_bot":true,"first_name":"sdiad","username":"ajdiad_bot"},"chat":{"id":631694976,"first_name":"RyZeEe?","username":"s_ryzeee","type":"private"},"date":1726997758,"text":"\\u0412\\u044b\\u0431\\u0435\\u0440\\u0438\\u0442\\u0435 \\u0431\\u0438\\u0440\\u0436\\u0443"}}'"
2024-09-22 12:35:58,269 DEBUG Make request: "getUpdates" with data: "{'offset': 873687589, 'timeout': 20}" and files "None"
2024-09-22 12:35:59,092 DEBUG Response for getUpdates: [200] "'{"ok":true,"result":[{"update_id":873687589,\n"message":{"message_id":2712,"from":{"id":631694976,"is_bot":false,"first_name":"RyZeEe?","username":"s_ryzeee","language_code":"ru","is_premium":true},"chat":{"id":631694976,"first_name":"RyZeEe?","username":"s_ryzeee","type":"private"},"date":1726997759,"text":"BingX"}}]}'"
2024-09-22 12:35:59,092 DEBUG Received 1 updates.
2024-09-22 12:35:59,093 DEBUG Make request: "sendMessage" with data: "{'chat_id': 631694976, 'text': 'Введите название монеты', 'reply_markup': '{"keyboard": [["Сделать скрин", "\U0001f6a8 Инфо"]], "resize_keyboard": true}'}" and files "None"
2024-09-22 12:35:59,195 DEBUG Response for sendMessage: [200] "'{"ok":true,"result":{"message_id":2713,"from":{"id":5801105925,"is_bot":true,"first_name":"sdiad","username":"ajdiad_bot"},"chat":{"id":631694976,"first_name":"RyZeEe?","username":"s_ryzeee","type":"private"},"date":1726997759,"text":"\\u0412\\u0432\\u0435\\u0434\\u0438\\u0442\\u0435 \\u043d\\u0430\\u0437\\u0432\\u0430\\u043d\\u0438\\u0435 \\u043c\\u043e\\u043d\\u0435\\u0442\\u044b"}}'"
2024-09-22 12:35:59,195 DEBUG Make request: "getUpdates" with data: "{'offset': 873687590, 'timeout': 20}" and files "None"
2024-09-22 12:36:01,840 DEBUG Response for getUpdates: [200] "'{"ok":true,"result":[{"update_id":873687590,\n"message":{"message_id":2714,"from":{"id":631694976,"is_bot":false,"first_name":"RyZeEe?","username":"s_ryzeee","language_code":"ru","is_premium":true},"chat":{"id":631694976,"first_name":"RyZeEe?","username":"s_ryzeee","type":"private"},"date":1726997761,"text":"BTCUSDT"}}]}'"
2024-09-22 12:36:01,841 DEBUG Received 1 updates.
2024-09-22 12:36:01,841 DEBUG Make request: "sendMessage" with data: "{'chat_id': 631694976, 'text': 'Введите тип, например "Long" или "Short"'}" and files "None"
2024-09-22 12:36:01,950 DEBUG Make request: "getUpdates" with data: "{'offset': 873687591, 'timeout': 20}" and files "None"
2024-09-22 12:36:01,997 DEBUG Response for sendMessage: [200] "'{"ok":true,"result":{"message_id":2715,"from":{"id":5801105925,"is_bot":true,"first_name":"sdiad","username":"ajdiad_bot"},"chat":{"id":631694976,"first_name":"RyZeEe?","username":"s_ryzeee","type":"private"},"date":1726997761,"text":"\\u0412\\u0432\\u0435\\u0434\\u0438\\u0442\\u0435 \\u0442\\u0438\\u043f, \\u043d\\u0430\\u043f\\u0440\\u0438\\u043c\\u0435\\u0440 \\"Long\\" \\u0438\\u043b\\u0438 \\"Short\\""}}'"
2024-09-22 12:36:03,596 DEBUG Response for getUpdates: [200] "'{"ok":true,"result":[{"update_id":873687591,\n"message":{"message_id":2716,"from":{"id":631694976,"is_bot":false,"first_name":"RyZeEe?","username":"s_ryzeee","language_code":"ru","is_premium":true},"chat":{"id":631694976,"first_name":"RyZeEe?","username":"s_ryzeee","type":"private"},"date":1726997763,"text":"Long"}}]}'"
2024-09-22 12:36:03,596 DEBUG Received 1 updates.
2024-09-22 12:36:03,597 DEBUG Make request: "sendMessage" with data: "{'chat_id': 631694976, 'text': 'Введите размер плеча, например "20" '}" and files "None"
2024-09-22 12:36:03,697 DEBUG Make request: "getUpdates" with data: "{'offset': 873687592, 'timeout': 20}" and files "None"
2024-09-22 12:36:03,739 DEBUG Response for sendMessage: [200] "'{"ok":true,"result":{"message_id":2717,"from":{"id":5801105925,"is_bot":true,"first_name":"sdiad","username":"ajdiad_bot"},"chat":{"id":631694976,"first_name":"RyZeEe?","username":"s_ryzeee","type":"private"},"date":1726997763,"text":"\\u0412\\u0432\\u0435\\u0434\\u0438\\u0442\\u0435 \\u0440\\u0430\\u0437\\u043c\\u0435\\u0440 \\u043f\\u043b\\u0435\\u0447\\u0430, \\u043d\\u0430\\u043f\\u0440\\u0438\\u043c\\u0435\\u0440 \\"20\\""}}'"
2024-09-22 12:36:05,325 DEBUG Response for getUpdates: [200] "'{"ok":true,"result":[{"update_id":873687592,\n"message":{"message_id":2718,"from":{"id":631694976,"is_bot":false,"first_name":"RyZeEe?","username":"s_ryzeee","language_code":"ru","is_premium":true},"chat":{"id":631694976,"first_name":"RyZeEe?","username":"s_ryzeee","type":"private"},"date":1726997765,"text":"20"}}]}'"
2024-09-22 12:36:05,326 DEBUG Received 1 updates.
2024-09-22 12:36:05,326 DEBUG Make request: "sendMessage" with data: "{'chat_id': 631694976, 'text': 'Введите маржу, например "20" '}" and files "None"
2024-09-22 12:36:05,440 DEBUG Make request: "getUpdates" with data: "{'offset': 873687593, 'timeout': 20}" and files "None"
2024-09-22 12:36:05,504 DEBUG Response for sendMessage: [200] "'{"ok":true,"result":{"message_id":2719,"from":{"id":5801105925,"is_bot":true,"first_name":"sdiad","username":"ajdiad_bot"},"chat":{"id":631694976,"first_name":"RyZeEe?","username":"s_ryzeee","type":"private"},"date":1726997765,"text":"\\u0412\\u0432\\u0435\\u0434\\u0438\\u0442\\u0435 \\u043c\\u0430\\u0440\\u0436\\u0443, \\u043d\\u0430\\u043f\\u0440\\u0438\\u043c\\u0435\\u0440 \\"20\\""}}'"
2024-09-22 12:36:06,730 DEBUG Response for getUpdates: [200] "'{"ok":true,"result":[{"update_id":873687593,\n"message":{"message_id":2720,"from":{"id":631694976,"is_bot":false,"first_name":"RyZeEe?","username":"s_ryzeee","language_code":"ru","is_premium":true},"chat":{"id":631694976,"first_name":"RyZeEe?","username":"s_ryzeee","type":"private"},"date":1726997766,"text":"20"}}]}'"
2024-09-22 12:36:06,730 DEBUG Received 1 updates.
2024-09-22 12:36:06,731 DEBUG Make request: "sendMessage" with data: "{'chat_id': 631694976, 'text': 'Введите цену входа(entry price), например "1566" '}" and files "None"
2024-09-22 12:36:06,812 DEBUG Response for sendMessage: [200] "'{"ok":true,"result":{"message_id":2721,"from":{"id":5801105925,"is_bot":true,"first_name":"sdiad","username":"ajdiad_bot"},"chat":{"id":631694976,"first_name":"RyZeEe?","username":"s_ryzeee","type":"private"},"date":1726997766,"text":"\\u0412\\u0432\\u0435\\u0434\\u0438\\u0442\\u0435 \\u0446\\u0435\\u043d\\u0443 \\u0432\\u0445\\u043e\\u0434\\u0430(entry price), \\u043d\\u0430\\u043f\\u0440\\u0438\\u043c\\u0435\\u0440 \\"1566\\""}}'"
2024-09-22 12:36:06,843 DEBUG Make request: "getUpdates" with data: "{'offset': 873687594, 'timeout': 20}" and files "None"
2024-09-22 12:36:08,840 DEBUG Response for getUpdates: [200] "'{"ok":true,"result":[{"update_id":873687594,\n"message":{"message_id":2722,"from":{"id":631694976,"is_bot":false,"first_name":"RyZeEe?","username":"s_ryzeee","language_code":"ru","is_premium":true},"chat":{"id":631694976,"first_name":"RyZeEe?","username":"s_ryzeee","type":"private"},"date":1726997768,"text":"1600"}}]}'"
2024-09-22 12:36:08,840 DEBUG Received 1 updates.
2024-09-22 12:36:08,840 DEBUG Make request: "sendMessage" with data: "{'chat_id': 631694976, 'text': 'Введите текущую цену(current price), например "2477" '}" and files "None"
2024-09-22 12:36:08,925 DEBUG Response for sendMessage: [200] "'{"ok":true,"result":{"message_id":2723,"from":{"id":5801105925,"is_bot":true,"first_name":"sdiad","username":"ajdiad_bot"},"chat":{"id":631694976,"first_name":"RyZeEe?","username":"s_ryzeee","type":"private"},"date":1726997768,"text":"\\u0412\\u0432\\u0435\\u0434\\u0438\\u0442\\u0435 \\u0442\\u0435\\u043a\\u0443\\u0449\\u0443\\u044e \\u0446\\u0435\\u043d\\u0443(current price), \\u043d\\u0430\\u043f\\u0440\\u0438\\u043c\\u0435\\u0440 \\"2477\\""}}'"
2024-09-22 12:36:08,948 DEBUG Make request: "getUpdates" with data: "{'offset': 873687595, 'timeout': 20}" and files "None"
2024-09-22 12:36:11,138 DEBUG Response for getUpdates: [200] "'{"ok":true,"result":[{"update_id":873687595,\n"message":{"message_id":2724,"from":{"id":631694976,"is_bot":false,"first_name":"RyZeEe?","username":"s_ryzeee","language_code":"ru","is_premium":true},"chat":{"id":631694976,"first_name":"RyZeEe?","username":"s_ryzeee","type":"private"},"date":1726997771,"text":"1700"}}]}'"
2024-09-22 12:36:11,139 DEBUG Received 1 updates.
2024-09-22 12:36:11,139 DEBUG Make request: "sendMessage" with data: "{'chat_id': 631694976, 'text': 'Подождите чуток'}" and files "None"
2024-09-22 12:36:11,227 DEBUG Response for sendMessage: [200] "'{"ok":true,"result":{"message_id":2725,"from":{"id":5801105925,"is_bot":true,"first_name":"sdiad","username":"ajdiad_bot"},"chat":{"id":631694976,"first_name":"RyZeEe?","username":"s_ryzeee","type":"private"},"date":1726997771,"text":"\\u041f\\u043e\\u0434\\u043e\\u0436\\u0434\\u0438\\u0442\\u0435 \\u0447\\u0443\\u0442\\u043e\\u043a"}}'"
2024-09-22 12:36:11,243 DEBUG STREAM b'IHDR' 16 13
2024-09-22 12:36:11,243 DEBUG STREAM b'pHYs' 41 9
2024-09-22 12:36:11,243 DEBUG STREAM b'sRGB' 62 1
2024-09-22 12:36:11,243 DEBUG STREAM b'gAMA' 75 4
2024-09-22 12:36:11,243 DEBUG STREAM b'IDAT' 91 853635
2024-09-22 12:36:11,720 DEBUG Make request: "sendPhoto" with data: "{'chat_id': 631694976, 'reply_markup': '{"keyboard": [["Сделать скрин", "\U0001f6a8 Инфо"]], "resize_keyboard": true}'}" and files "{'photo': <InputFile 'attach://yvO5EjxKpzM5uM__LeCsug' with file='<_io.BufferedReader name='main/images/631694976_img.jpg'>'>}"
2024-09-22 12:36:11,809 DEBUG Make request: "getUpdates" with data: "{'offset': 873687596, 'timeout': 20}" and files "None"
2024-09-22 12:36:13,026 DEBUG Response for sendPhoto: [200] "'{"ok":true,"result":{"message_id":2726,"from":{"id":5801105925,"is_bot":true,"first_name":"sdiad","username":"ajdiad_bot"},"chat":{"id":631694976,"first_name":"RyZeEe?","username":"s_ryzeee","type":"private"},"date":1726997772,"photo":[{"file_id":"AgACAgIAAxkDAAIKpmbv5QwsZi8Vv_5swKk440e-XJ3PAALy5jEbVFJ4Syep3JCTVCPJAQADAgADcwADNgQ","file_unique_id":"AQAD8uYxG1RSeEt4","file_size":1546,"width":90,"height":78},{"file_id":"AgACAgIAAxkDAAIKpmbv5QwsZi8Vv_5swKk440e-XJ3PAALy5jEbVFJ4Syep3JCTVCPJAQADAgADbQADNgQ","file_unique_id":"AQAD8uYxG1RSeEty","file_size":17672,"width":320,"height":276},{"file_id":"AgACAgIAAxkDAAIKpmbv5QwsZi8Vv_5swKk440e-XJ3PAALy5jEbVFJ4Syep3JCTVCPJAQADAgADeAADNgQ","file_unique_id":"AQAD8uYxG1RSeEt9","file_size":62725,"width":800,"height":691},{"file_id":"AgACAgIAAxkDAAIKpmbv5QwsZi8Vv_5swKk440e-XJ3PAALy5jEbVFJ4Syep3JCTVCPJAQADAgADeQADNgQ","file_unique_id":"AQAD8uYxG1RSeEt-","file_size":109165,"width":1280,"height":1106},{"file_id":"AgACAgIAAxkDAAIKpmbv5QwsZi8Vv_5swKk440e-XJ3PAALy5jEbVFJ4Syep3JCTVCPJAQADAgADdwADNgQ","file_unique_id":"AQAD8uYxG1RSeEt8","file_size":278051,"width":2560,"height":2212}]}}'"
2024-09-22 12:36:28,797 DEBUG Response for getUpdates: [200] "'{"ok":true,"result":[{"update_id":873687596,\n"message":{"message_id":2727,"from":{"id":631694976,"is_bot":false,"first_name":"RyZeEe?","username":"s_ryzeee","language_code":"ru","is_premium":true},"chat":{"id":631694976,"first_name":"RyZeEe?","username":"s_ryzeee","type":"private"},"date":1726997788,"text":"/make_screen","entities":[{"offset":0,"length":12,"type":"bot_command"}]}}]}'"
2024-09-22 12:36:28,798 DEBUG Received 1 updates.
2024-09-22 12:36:28,799 DEBUG Make request: "sendMessage" with data: "{'chat_id': 631694976, 'text': 'Выберите биржу', 'reply_markup': '{"keyboard": [["BingX", "Binance"]], "resize_keyboard": true}'}" and files "None"
2024-09-22 12:36:28,880 DEBUG Response for sendMessage: [200] "'{"ok":true,"result":{"message_id":2728,"from":{"id":5801105925,"is_bot":true,"first_name":"sdiad","username":"ajdiad_bot"},"chat":{"id":631694976,"first_name":"RyZeEe?","username":"s_ryzeee","type":"private"},"date":1726997788,"text":"\\u0412\\u044b\\u0431\\u0435\\u0440\\u0438\\u0442\\u0435 \\u0431\\u0438\\u0440\\u0436\\u0443"}}'"
2024-09-22 12:36:28,881 DEBUG Make request: "getUpdates" with data: "{'offset': 873687597, 'timeout': 20}" and files "None"
2024-09-22 12:36:31,295 DEBUG Response for getUpdates: [200] "'{"ok":true,"result":[{"update_id":873687597,\n"message":{"message_id":2729,"from":{"id":631694976,"is_bot":false,"first_name":"RyZeEe?","username":"s_ryzeee","language_code":"ru","is_premium":true},"chat":{"id":631694976,"first_name":"RyZeEe?","username":"s_ryzeee","type":"private"},"date":1726997791,"text":"BingX"}}]}'"
2024-09-22 12:36:31,295 DEBUG Received 1 updates.
2024-09-22 12:36:31,296 DEBUG Make request: "sendMessage" with data: "{'chat_id': 631694976, 'text': 'Введите название монеты', 'reply_markup': '{"keyboard": [["Сделать скрин", "\U0001f6a8 Инфо"]], "resize_keyboard": true}'}" and files "None"
2024-09-22 12:36:31,408 DEBUG Make request: "getUpdates" with data: "{'offset': 873687598, 'timeout': 20}" and files "None"
2024-09-22 12:36:31,485 DEBUG Response for sendMessage: [200] "'{"ok":true,"result":{"message_id":2730,"from":{"id":5801105925,"is_bot":true,"first_name":"sdiad","username":"ajdiad_bot"},"chat":{"id":631694976,"first_name":"RyZeEe?","username":"s_ryzeee","type":"private"},"date":1726997791,"text":"\\u0412\\u0432\\u0435\\u0434\\u0438\\u0442\\u0435 \\u043d\\u0430\\u0437\\u0432\\u0430\\u043d\\u0438\\u0435 \\u043c\\u043e\\u043d\\u0435\\u0442\\u044b"}}'"
2024-09-22 12:36:34,685 DEBUG Response for getUpdates: [200] "'{"ok":true,"result":[{"update_id":873687598,\n"message":{"message_id":2731,"from":{"id":631694976,"is_bot":false,"first_name":"RyZeEe?","username":"s_ryzeee","language_code":"ru","is_premium":true},"chat":{"id":631694976,"first_name":"RyZeEe?","username":"s_ryzeee","type":"private"},"date":1726997794,"text":"BTCUSDT"}}]}'"
2024-09-22 12:36:34,685 DEBUG Received 1 updates.
2024-09-22 12:36:34,686 DEBUG Make request: "sendMessage" with data: "{'chat_id': 631694976, 'text': 'Введите тип, например "Long" или "Short"'}" and files "None"
2024-09-22 12:36:34,769 DEBUG Response for sendMessage: [200] "'{"ok":true,"result":{"message_id":2732,"from":{"id":5801105925,"is_bot":true,"first_name":"sdiad","username":"ajdiad_bot"},"chat":{"id":631694976,"first_name":"RyZeEe?","username":"s_ryzeee","type":"private"},"date":1726997794,"text":"\\u0412\\u0432\\u0435\\u0434\\u0438\\u0442\\u0435 \\u0442\\u0438\\u043f, \\u043d\\u0430\\u043f\\u0440\\u0438\\u043c\\u0435\\u0440 \\"Long\\" \\u0438\\u043b\\u0438 \\"Short\\""}}'"
2024-09-22 12:36:34,797 DEBUG Make request: "getUpdates" with data: "{'offset': 873687599, 'timeout': 20}" and files "None"
2024-09-22 12:36:42,055 DEBUG Response for getUpdates: [200] "'{"ok":true,"result":[{"update_id":873687599,\n"message":{"message_id":2733,"from":{"id":631694976,"is_bot":false,"first_name":"RyZeEe?","username":"s_ryzeee","language_code":"ru","is_premium":true},"chat":{"id":631694976,"first_name":"RyZeEe?","username":"s_ryzeee","type":"private"},"date":1726997801,"text":"Short"}}]}'"
2024-09-22 12:36:42,055 DEBUG Received 1 updates.
2024-09-22 12:36:42,056 DEBUG Make request: "sendMessage" with data: "{'chat_id': 631694976, 'text': 'Введите размер плеча, например "20" '}" and files "None"
2024-09-22 12:36:42,136 DEBUG Response for sendMessage: [200] "'{"ok":true,"result":{"message_id":2734,"from":{"id":5801105925,"is_bot":true,"first_name":"sdiad","username":"ajdiad_bot"},"chat":{"id":631694976,"first_name":"RyZeEe?","username":"s_ryzeee","type":"private"},"date":1726997802,"text":"\\u0412\\u0432\\u0435\\u0434\\u0438\\u0442\\u0435 \\u0440\\u0430\\u0437\\u043c\\u0435\\u0440 \\u043f\\u043b\\u0435\\u0447\\u0430, \\u043d\\u0430\\u043f\\u0440\\u0438\\u043c\\u0435\\u0440 \\"20\\""}}'"
2024-09-22 12:36:42,169 DEBUG Make request: "getUpdates" with data: "{'offset': 873687600, 'timeout': 20}" and files "None"
2024-09-22 12:36:44,716 DEBUG Response for getUpdates: [200] "'{"ok":true,"result":[{"update_id":873687600,\n"message":{"message_id":2735,"from":{"id":631694976,"is_bot":false,"first_name":"RyZeEe?","username":"s_ryzeee","language_code":"ru","is_premium":true},"chat":{"id":631694976,"first_name":"RyZeEe?","username":"s_ryzeee","type":"private"},"date":1726997804,"text":"20"}}]}'"
2024-09-22 12:36:44,716 DEBUG Received 1 updates.
2024-09-22 12:36:44,717 DEBUG Make request: "sendMessage" with data: "{'chat_id': 631694976, 'text': 'Введите маржу, например "20" '}" and files "None"
2024-09-22 12:36:44,826 DEBUG Make request: "getUpdates" with data: "{'offset': 873687601, 'timeout': 20}" and files "None"
2024-09-22 12:36:44,946 DEBUG Response for sendMessage: [200] "'{"ok":true,"result":{"message_id":2736,"from":{"id":5801105925,"is_bot":true,"first_name":"sdiad","username":"ajdiad_bot"},"chat":{"id":631694976,"first_name":"RyZeEe?","username":"s_ryzeee","type":"private"},"date":1726997804,"text":"\\u0412\\u0432\\u0435\\u0434\\u0438\\u0442\\u0435 \\u043c\\u0430\\u0440\\u0436\\u0443, \\u043d\\u0430\\u043f\\u0440\\u0438\\u043c\\u0435\\u0440 \\"20\\""}}'"
2024-09-22 12:36:47,425 DEBUG Response for getUpdates: [200] "'{"ok":true,"result":[{"update_id":873687601,\n"message":{"message_id":2737,"from":{"id":631694976,"is_bot":false,"first_name":"RyZeEe?","username":"s_ryzeee","language_code":"ru","is_premium":true},"chat":{"id":631694976,"first_name":"RyZeEe?","username":"s_ryzeee","type":"private"},"date":1726997807,"text":"150"}}]}'"
2024-09-22 12:36:47,425 DEBUG Received 1 updates.
2024-09-22 12:36:47,425 DEBUG Make request: "sendMessage" with data: "{'chat_id': 631694976, 'text': 'Введите цену входа(entry price), например "1566" '}" and files "None"
2024-09-22 12:36:47,511 DEBUG Response for sendMessage: [200] "'{"ok":true,"result":{"message_id":2738,"from":{"id":5801105925,"is_bot":true,"first_name":"sdiad","username":"ajdiad_bot"},"chat":{"id":631694976,"first_name":"RyZeEe?","username":"s_ryzeee","type":"private"},"date":1726997807,"text":"\\u0412\\u0432\\u0435\\u0434\\u0438\\u0442\\u0435 \\u0446\\u0435\\u043d\\u0443 \\u0432\\u0445\\u043e\\u0434\\u0430(entry price), \\u043d\\u0430\\u043f\\u0440\\u0438\\u043c\\u0435\\u0440 \\"1566\\""}}'"
2024-09-22 12:36:47,512 DEBUG Make request: "getUpdates" with data: "{'offset': 873687602, 'timeout': 20}" and files "None"
2024-09-22 12:36:51,592 DEBUG Response for getUpdates: [200] "'{"ok":true,"result":[{"update_id":873687602,\n"message":{"message_id":2739,"from":{"id":631694976,"is_bot":false,"first_name":"RyZeEe?","username":"s_ryzeee","language_code":"ru","is_premium":true},"chat":{"id":631694976,"first_name":"RyZeEe?","username":"s_ryzeee","type":"private"},"date":1726997811,"text":"1800"}}]}'"
2024-09-22 12:36:51,592 DEBUG Received 1 updates.
2024-09-22 12:36:51,593 DEBUG Make request: "sendMessage" with data: "{'chat_id': 631694976, 'text': 'Введите текущую цену(current price), например "2477" '}" and files "None"
2024-09-22 12:36:51,673 DEBUG Response for sendMessage: [200] "'{"ok":true,"result":{"message_id":2740,"from":{"id":5801105925,"is_bot":true,"first_name":"sdiad","username":"ajdiad_bot"},"chat":{"id":631694976,"first_name":"RyZeEe?","username":"s_ryzeee","type":"private"},"date":1726997811,"text":"\\u0412\\u0432\\u0435\\u0434\\u0438\\u0442\\u0435 \\u0442\\u0435\\u043a\\u0443\\u0449\\u0443\\u044e \\u0446\\u0435\\u043d\\u0443(current price), \\u043d\\u0430\\u043f\\u0440\\u0438\\u043c\\u0435\\u0440 \\"2477\\""}}'"
2024-09-22 12:36:51,702 DEBUG Make request: "getUpdates" with data: "{'offset': 873687603, 'timeout': 20}" and files "None"
2024-09-22 12:36:53,395 DEBUG Response for getUpdates: [200] "'{"ok":true,"result":[{"update_id":873687603,\n"message":{"message_id":2741,"from":{"id":631694976,"is_bot":false,"first_name":"RyZeEe?","username":"s_ryzeee","language_code":"ru","is_premium":true},"chat":{"id":631694976,"first_name":"RyZeEe?","username":"s_ryzeee","type":"private"},"date":1726997813,"text":"1400"}}]}'"
2024-09-22 12:36:53,395 DEBUG Received 1 updates.
2024-09-22 12:36:53,395 DEBUG Make request: "sendMessage" with data: "{'chat_id': 631694976, 'text': 'Подождите чуток'}" and files "None"
2024-09-22 12:36:53,498 DEBUG Make request: "getUpdates" with data: "{'offset': 873687604, 'timeout': 20}" and files "None"
2024-09-22 12:36:53,606 DEBUG Response for sendMessage: [200] "'{"ok":true,"result":{"message_id":2742,"from":{"id":5801105925,"is_bot":true,"first_name":"sdiad","username":"ajdiad_bot"},"chat":{"id":631694976,"first_name":"RyZeEe?","username":"s_ryzeee","type":"private"},"date":1726997813,"text":"\\u041f\\u043e\\u0434\\u043e\\u0436\\u0434\\u0438\\u0442\\u0435 \\u0447\\u0443\\u0442\\u043e\\u043a"}}'"
2024-09-22 12:36:53,608 DEBUG STREAM b'IHDR' 16 13
2024-09-22 12:36:53,608 DEBUG STREAM b'pHYs' 41 9
2024-09-22 12:36:53,609 DEBUG STREAM b'sRGB' 62 1
2024-09-22 12:36:53,609 DEBUG STREAM b'gAMA' 75 4
2024-09-22 12:36:53,609 DEBUG STREAM b'IDAT' 91 853635
2024-09-22 12:36:54,096 DEBUG Make request: "sendPhoto" with data: "{'chat_id': 631694976, 'reply_markup': '{"keyboard": [["Сделать скрин", "\U0001f6a8 Инфо"]], "resize_keyboard": true}'}" and files "{'photo': <InputFile 'attach://KK0li21lDwaKil-jgqJ2yA' with file='<_io.BufferedReader name='main/images/631694976_img.jpg'>'>}"
2024-09-22 12:36:55,274 DEBUG Response for sendPhoto: [200] "'{"ok":true,"result":{"message_id":2743,"from":{"id":5801105925,"is_bot":true,"first_name":"sdiad","username":"ajdiad_bot"},"chat":{"id":631694976,"first_name":"RyZeEe?","username":"s_ryzeee","type":"private"},"date":1726997815,"photo":[{"file_id":"AgACAgIAAxkDAAIKt2bv5Ta5G90VeyHgGcwZZZI5gTCGAAL15jEbVFJ4S9gaX2gPdWEmAQADAgADcwADNgQ","file_unique_id":"AQAD9eYxG1RSeEt4","file_size":1570,"width":90,"height":78},{"file_id":"AgACAgIAAxkDAAIKt2bv5Ta5G90VeyHgGcwZZZI5gTCGAAL15jEbVFJ4S9gaX2gPdWEmAQADAgADbQADNgQ","file_unique_id":"AQAD9eYxG1RSeEty","file_size":18216,"width":320,"height":276},{"file_id":"AgACAgIAAxkDAAIKt2bv5Ta5G90VeyHgGcwZZZI5gTCGAAL15jEbVFJ4S9gaX2gPdWEmAQADAgADeAADNgQ","file_unique_id":"AQAD9eYxG1RSeEt9","file_size":64845,"width":800,"height":691},{"file_id":"AgACAgIAAxkDAAIKt2bv5Ta5G90VeyHgGcwZZZI5gTCGAAL15jEbVFJ4S9gaX2gPdWEmAQADAgADeQADNgQ","file_unique_id":"AQAD9eYxG1RSeEt-","file_size":113588,"width":1280,"height":1106},{"file_id":"AgACAgIAAxkDAAIKt2bv5Ta5G90VeyHgGcwZZZI5gTCGAAL15jEbVFJ4S9gaX2gPdWEmAQADAgADdwADNgQ","file_unique_id":"AQAD9eYxG1RSeEt8","file_size":286740,"width":2560,"height":2212}]}}'"
2024-09-22 12:37:06,681 INFO Stop polling...
2024-09-22 12:37:06,681 WARNING Goodbye!
